Error while running compiler, details:
Warning: This is a pre-release compiler version, please do not use it in production.

Warning: Source file does not specify required compiler version!
--> solidity/ltcSwapAsset.sol

Warning: This declaration shadows an existing declaration.
   --> solidity/ltcSwapAsset.sol:534:18:
    |
534 |     constructor (string memory name, string memory symbol, uint8 decimals) {
    |                  ^^^^^^^^^^^^^^^^^^
Note: The shadowed declaration is here:
   --> solidity/ltcSwapAsset.sol:543:5:
    |
543 |     function name() public view returns (string memory) {
    |     ^ (Relevant source part starts here and spans across multiple lines).

Warning: This declaration shadows an existing declaration.
   --> solidity/ltcSwapAsset.sol:534:38:
    |
534 |     constructor (string memory name, string memory symbol, uint8 decimals) {
    |                                      ^^^^^^^^^^^^^^^^^^^^
Note: The shadowed declaration is here:
   --> solidity/ltcSwapAsset.sol:551:5:
    |
551 |     function symbol() public view returns (string memory) {
    |     ^ (Relevant source part starts here and spans across multiple lines).

Warning: This declaration shadows an existing declaration.
   --> solidity/ltcSwapAsset.sol:534:60:
    |
534 |     constructor (string memory name, string memory symbol, uint8 decimals) {
    |                                                            ^^^^^^^^^^^^^^
Note: The shadowed declaration is here:
   --> solidity/ltcSwapAsset.sol:567:5:
    |
567 |     function decimals() public view returns (uint8) {
    |     ^ (Relevant source part starts here and spans across multiple lines).

Error: Overriding function is missing "override" specifier.
   --> solidity/ltcSwapAsset.sol:323:5:
    |
323 |     function totalSupply() public view returns (uint256) {
    |     ^ (Relevant source part starts here and spans across multiple lines).
Note: Overridden function is here:
  --> solidity/ltcSwapAsset.sol:53:5:
   |
53 |     function totalSupply() external view returns (uint256);
   |     ^^^^^^^^^^^^^^^^^^^^^^^^^^^^^^^^^^^^^^^^^^^^^^^^^^^^^^^

Error: Overriding function is missing "override" specifier.
   --> solidity/ltcSwapAsset.sol:330:5:
    |
330 |     function balanceOf(address account) public view returns (uint256) {
    |     ^ (Relevant source part starts here and spans across multiple lines).
Note: Overridden function is here:
  --> solidity/ltcSwapAsset.sol:58:5:
   |
58 |     function balanceOf(address account) external view returns (uint256);
   |     ^^^^^^^^^^^^^^^^^^^^^^^^^^^^^^^^^^^^^^^^^^^^^^^^^^^^^^^^^^^^^^^^^^^^

Error: Overriding function is missing "override" specifier.
   --> solidity/ltcSwapAsset.sol:342:5:
    |
342 |     function transfer(address recipient, uint256 amount) public returns (bool) {
    |     ^ (Relevant source part starts here and spans across multiple lines).
Note: Overridden function is here:
  --> solidity/ltcSwapAsset.sol:67:5:
   |
67 |     function transfer(address recipient, uint256 amount) external returns (bool);
   |     ^^^^^^^^^^^^^^^^^^^^^^^^^^^^^^^^^^^^^^^^^^^^^^^^^^^^^^^^^^^^^^^^^^^^^^^^^^^^^

Error: Overriding function is missing "override" specifier.
   --> solidity/ltcSwapAsset.sol:350:5:
    |
350 |     function allowance(address owner, address spender) public view returns (uint256) {
    |     ^ (Relevant source part starts here and spans across multiple lines).
Note: Overridden function is here:
  --> solidity/ltcSwapAsset.sol:76:5:
   |
76 |     function allowance(address owner, address spender) external view returns (uint256);
   |     ^^^^^^^^^^^^^^^^^^^^^^^^^^^^^^^^^^^^^^^^^^^^^^^^^^^^^^^^^^^^^^^^^^^^^^^^^^^^^^^^^^^

Error: Overriding function is missing "override" specifier.
   --> solidity/ltcSwapAsset.sol:361:5:
    |
361 |     function approve(address spender, uint256 amount) public returns (bool) {
    |     ^ (Relevant source part starts here and spans across multiple lines).
Note: Overridden function is here:
  --> solidity/ltcSwapAsset.sol:92:5:
   |
92 |     function approve(address spender, uint256 amount) external returns (bool);
   |     ^^^^^^^^^^^^^^^^^^^^^^^^^^^^^^^^^^^^^^^^^^^^^^^^^^^^^^^^^^^^^^^^^^^^^^^^^^

Error: Overriding function is missing "override" specifier.
   --> solidity/ltcSwapAsset.sol:378:5:
    |
378 |     function transferFrom(address sender, address recipient, uint256 amount) public returns (bool) {
    |     ^ (Relevant source part starts here and spans across multiple lines).
Note: Overridden function is here:
   --> solidity/ltcSwapAsset.sol:103:5:
    |
103 |     function transferFrom(address sender, address recipient, uint256 amount) external returns (bool);
    |     ^^^^^^^^^^^^^^^^^^^^^^^^^^^^^^^^^^^^^^^^^^^^^^^^^^^^^^^^^^^^^^^^^^^^^^^^^^^^^^^^^^^^^^^^^^^^^^^^^

Error: Derived contract must override function "allowance". Two or more base classes define function with same name and parameter types.
   --> solidity/ltcSwapAsset.sol:578:1:
    |
578 | contract LtcSwapAsset is ERC20, ERC20Detailed {
    | ^ (Relevant source part starts here and spans across multiple lines).
Note: Definition in "IERC20": 
  --> solidity/ltcSwapAsset.sol:76:5:
   |
76 |     function allowance(address owner, address spender) external view returns (uint256);
   |     ^^^^^^^^^^^^^^^^^^^^^^^^^^^^^^^^^^^^^^^^^^^^^^^^^^^^^^^^^^^^^^^^^^^^^^^^^^^^^^^^^^^
Note: Definition in "ERC20": 
   --> solidity/ltcSwapAsset.sol:350:5:
    |
350 |     function allowance(address owner, address spender) public view returns (uint256) {
    |     ^ (Relevant source part starts here and spans across multiple lines).

Error: Derived contract must override function "approve". Two or more base classes define function with same name and parameter types.
   --> solidity/ltcSwapAsset.sol:578:1:
    |
578 | contract LtcSwapAsset is ERC20, ERC20Detailed {
    | ^ (Relevant source part starts here and spans across multiple lines).
Note: Definition in "IERC20": 
  --> solidity/ltcSwapAsset.sol:92:5:
   |
92 |     function approve(address spender, uint256 amount) external returns (bool);
   |     ^^^^^^^^^^^^^^^^^^^^^^^^^^^^^^^^^^^^^^^^^^^^^^^^^^^^^^^^^^^^^^^^^^^^^^^^^^
Note: Definition in "ERC20": 
   --> solidity/ltcSwapAsset.sol:361:5:
    |
361 |     function approve(address spender, uint256 amount) public returns (bool) {
    |     ^ (Relevant source part starts here and spans across multiple lines).

Error: Derived contract must override function "balanceOf". Two or more base classes define function with same name and parameter types.
   --> solidity/ltcSwapAsset.sol:578:1:
    |
578 | contract LtcSwapAsset is ERC20, ERC20Detailed {
    | ^ (Relevant source part starts here and spans across multiple lines).
Note: Definition in "IERC20": 
  --> solidity/ltcSwapAsset.sol:58:5:
   |
58 |     function balanceOf(address account) external view returns (uint256);
   |     ^^^^^^^^^^^^^^^^^^^^^^^^^^^^^^^^^^^^^^^^^^^^^^^^^^^^^^^^^^^^^^^^^^^^
Note: Definition in "ERC20": 
   --> solidity/ltcSwapAsset.sol:330:5:
    |
330 |     function balanceOf(address account) public view returns (uint256) {
    |     ^ (Relevant source part starts here and spans across multiple lines).

Error: Derived contract must override function "totalSupply". Two or more base classes define function with same name and parameter types.
   --> solidity/ltcSwapAsset.sol:578:1:
    |
578 | contract LtcSwapAsset is ERC20, ERC20Detailed {
    | ^ (Relevant source part starts here and spans across multiple lines).
Note: Definition in "IERC20": 
  --> solidity/ltcSwapAsset.sol:53:5:
   |
53 |     function totalSupply() external view returns (uint256);
   |     ^^^^^^^^^^^^^^^^^^^^^^^^^^^^^^^^^^^^^^^^^^^^^^^^^^^^^^^
Note: Definition in "ERC20": 
   --> solidity/ltcSwapAsset.sol:323:5:
    |
323 |     function totalSupply() public view returns (uint256) {
    |     ^ (Relevant source part starts here and spans across multiple lines).

Error: Derived contract must override function "transfer". Two or more base classes define function with same name and parameter types.
   --> solidity/ltcSwapAsset.sol:578:1:
    |
578 | contract LtcSwapAsset is ERC20, ERC20Detailed {
    | ^ (Relevant source part starts here and spans across multiple lines).
Note: Definition in "IERC20": 
  --> solidity/ltcSwapAsset.sol:67:5:
   |
67 |     function transfer(address recipient, uint256 amount) external returns (bool);
   |     ^^^^^^^^^^^^^^^^^^^^^^^^^^^^^^^^^^^^^^^^^^^^^^^^^^^^^^^^^^^^^^^^^^^^^^^^^^^^^
Note: Definition in "ERC20": 
   --> solidity/ltcSwapAsset.sol:342:5:
    |
342 |     function transfer(address recipient, uint256 amount) public returns (bool) {
    |     ^ (Relevant source part starts here and spans across multiple lines).

Error: Derived contract must override function "transferFrom". Two or more base classes define function with same name and parameter types.
   --> solidity/ltcSwapAsset.sol:578:1:
    |
578 | contract LtcSwapAsset is ERC20, ERC20Detailed {
    | ^ (Relevant source part starts here and spans across multiple lines).
Note: Definition in "IERC20": 
   --> solidity/ltcSwapAsset.sol:103:5:
    |
103 |     function transferFrom(address sender, address recipient, uint256 amount) external returns (bool);
    |     ^^^^^^^^^^^^^^^^^^^^^^^^^^^^^^^^^^^^^^^^^^^^^^^^^^^^^^^^^^^^^^^^^^^^^^^^^^^^^^^^^^^^^^^^^^^^^^^^^
Note: Definition in "ERC20": 
   --> solidity/ltcSwapAsset.sol:378:5:
    |
378 |     function transferFrom(address sender, address recipient, uint256 amount) public returns (bool) {
    |     ^ (Relevant source part starts here and spans across multiple lines).


